#
# There is insufficient memory for the Java Runtime Environment to continue.
# Native memory allocation (malloc) failed to allocate 32744 bytes for ChunkPool::allocate
# Possible reasons:
#   The system is out of physical RAM or swap space
#   In 32 bit mode, the process size limit was hit
# Possible solutions:
#   Reduce memory load on the system
#   Increase physical memory or swap space
#   Check if swap backing store is full
#   Use 64 bit Java on a 64 bit OS
#   Decrease Java heap size (-Xmx/-Xms)
#   Decrease number of Java threads
#   Decrease Java thread stack sizes (-Xss)
#   Set larger code cache with -XX:ReservedCodeCacheSize=
# This output file may be truncated or incomplete.
#
#  Out of Memory Error (allocation.cpp:273), pid=8600, tid=8804
#
# JRE version: Java(TM) SE Runtime Environment (8.0_77-b03) (build 1.8.0_77-b03)
# Java VM: Java HotSpot(TM) 64-Bit Server VM (25.77-b03 mixed mode windows-amd64 compressed oops)
# Failed to write core dump. Minidumps are not enabled by default on client versions of Windows
#

---------------  T H R E A D  ---------------

Current thread (0x0000000014f3d000):  JavaThread "C1 CompilerThread2" daemon [_thread_in_native, id=8804, stack(0x0000000016730000,0x0000000016830000)]

Stack: [0x0000000016730000,0x0000000016830000]
[error occurred during error reporting (printing stack bounds), id 0xc0000005]

Native frames: (J=compiled Java code, j=interpreted, Vv=VM code, C=native code)


Current CompileTask:
C1:    566  586   !   3       com.android.dx.cf.code.BytecodeArray::parseInstruction (2764 bytes)


---------------  P R O C E S S  ---------------

Java Threads: ( => current thread )
  0x0000000016998000 JavaThread "pool-1-thread-4" [_thread_new, id=3952, stack(0x0000000000000000,0x0000000000000000)]
  0x0000000016993800 JavaThread "pool-1-thread-3" [_thread_new, id=7444, stack(0x0000000000000000,0x0000000000000000)]
  0x000000001698e800 JavaThread "pool-1-thread-2" [_thread_in_Java, id=8952, stack(0x0000000017030000,0x0000000017130000)]
  0x000000001698c000 JavaThread "pool-2-thread-1" [_thread_blocked, id=8960, stack(0x0000000016f30000,0x0000000017030000)]
  0x0000000016987800 JavaThread "pool-1-thread-1" [_thread_in_Java, id=6104, stack(0x0000000016e30000,0x0000000016f30000)]
  0x0000000016834800 JavaThread "Service Thread" daemon [_thread_blocked, id=8612, stack(0x0000000016c30000,0x0000000016d30000)]
=>0x0000000014f3d000 JavaThread "C1 CompilerThread2" daemon [_thread_in_native, id=8804, stack(0x0000000016730000,0x0000000016830000)]
  0x0000000014ee1000 JavaThread "C2 CompilerThread1" daemon [_thread_in_native, id=8840, stack(0x0000000016630000,0x0000000016730000)]
  0x0000000014ede000 JavaThread "C2 CompilerThread0" daemon [_thread_blocked, id=7880, stack(0x0000000016530000,0x0000000016630000)]
  0x0000000014edc000 JavaThread "Attach Listener" daemon [_thread_blocked, id=9112, stack(0x0000000016430000,0x0000000016530000)]
  0x0000000014eda800 JavaThread "Signal Dispatcher" daemon [_thread_blocked, id=3940, stack(0x0000000016330000,0x0000000016430000)]
  0x0000000014eca800 JavaThread "Finalizer" daemon [_thread_blocked, id=8912, stack(0x0000000016140000,0x0000000016240000)]
  0x00000000027ff000 JavaThread "Reference Handler" daemon [_thread_blocked, id=9080, stack(0x0000000016040000,0x0000000016140000)]
  0x0000000002710800 JavaThread "main" [_thread_in_Java, id=7396, stack(0x00000000025d0000,0x00000000026d0000)]

Other Threads:
  0x0000000014ea8000 VMThread [stack: 0x0000000015f40000,0x0000000016040000] [id=9200]
  0x0000000016850800 WatcherThread [stack: 0x0000000016d30000,0x0000000016e30000] [id=7092]

VM state:not at safepoint (normal execution)

VM Mutex/Monitor currently owned by a thread: None

Heap:
 PSYoungGen      total 36864K, used 11440K [0x00000000eab00000, 0x00000000ed400000, 0x0000000100000000)
  eden space 31744K, 36% used [0x00000000eab00000,0x00000000eb62c040,0x00000000eca00000)
  from space 5120K, 0% used [0x00000000ecf00000,0x00000000ecf00000,0x00000000ed400000)
  to   space 5120K, 0% used [0x00000000eca00000,0x00000000eca00000,0x00000000ecf00000)
 ParOldGen       total 84992K, used 0K [0x00000000c0000000, 0x00000000c5300000, 0x00000000eab00000)
  object space 84992K, 0% used [0x00000000c0000000,0x00000000c0000000,0x00000000c5300000)
 Metaspace       used 5400K, capacity 6512K, committed 6784K, reserved 1056768K
  class space    used 582K, capacity 616K, committed 640K, reserved 1048576K

Card table byte_map: [0x0000000011bd0000,0x0000000011de0000] byte_map_base: 0x00000000115d0000

Marking Bits: (ParMarkBitMap*) 0x000000005a540600
 Begin Bits: [0x0000000012340000, 0x0000000013340000)
 End Bits:   [0x0000000013340000, 0x0000000014340000)

Polling page: 0x0000000000e00000

CodeCache: size=245760Kb used=2331Kb max_used=2343Kb free=243428Kb
 bounds [0x0000000002810000, 0x0000000002a80000, 0x0000000011810000]
 total_blobs=846 nmethods=585 adapters=174
 compilation: enabled

Compilation events (10 events):
Event: 0.562 Thread 0x0000000014f3d000 nmethod 559 0x0000000002a54d10 code [0x0000000002a54e60, 0x0000000002a54f70]
Event: 0.562 Thread 0x0000000014f3d000  578       1       com.android.dx.rop.annotation.NameValuePair::getName (5 bytes)
Event: 0.562 Thread 0x0000000014f3d000 nmethod 578 0x0000000002a549d0 code [0x0000000002a54b20, 0x0000000002a54c30]
Event: 0.562 Thread 0x0000000014f3d000  586   !   3       com.android.dx.cf.code.BytecodeArray::parseInstruction (2764 bytes)
Event: 0.562 Thread 0x0000000014ee1000 nmethod 583 0x0000000002a5a290 code [0x0000000002a5a3c0, 0x0000000002a5a478]
Event: 0.562 Thread 0x0000000014ee1000  590       4       java.util.TreeMap::put (247 bytes)
Event: 0.562 Thread 0x0000000014ede000 nmethod 582 0x0000000002a59c10 code [0x0000000002a59d60, 0x0000000002a5a038]
Event: 0.562 Thread 0x0000000014ede000  591       4       com.android.dx.util.Bits::set (19 bytes)
Event: 0.563 Thread 0x0000000014ede000 nmethod 591 0x0000000002a5a550 code [0x0000000002a5a680, 0x0000000002a5a718]
Event: 0.563 Thread 0x0000000014ede000  593       4       com.android.dx.util.IntList::add (65 bytes)

GC Heap History (0 events):
No events

Deoptimization events (1 events):
Event: 0.555 Thread 0x000000001698e800 Uncommon trap: reason=unstable_if action=reinterpret pc=0x0000000002a06340 method=com.android.dx.rop.cst.CstFieldRef.compareTo0(Lcom/android/dx/rop/cst/Constant;)I @ 7

Internal exceptions (2 events):
Event: 0.199 Thread 0x0000000002710800 Exception <a 'java/lang/NoSuchMethodError': Method sun.misc.Unsafe.defineClass(Ljava/lang/String;[BII)Ljava/lang/Class; name or signature does not match> (0x00000000eab07cc0) thrown at [D:\re\workspace\8-2-build-windows-amd64-cygwin\jdk8u77\6540\hotspot\srÂó÷TˆpÉ?
Event: 0.199 Thread 0x0000000002710800 Exception <a 'java/lang/NoSuchMethodError': Method sun.misc.Unsafe.prefetchRead(Ljava/lang/Object;J)V name or signature does not match> (0x00000000eab07fa8) thrown at [D:\re\workspace\8-2-build-windows-amd64-cygwin\jdk8u77\6540\hotspot\src\share\vm\prims\j

Events (10 events):
Event: 0.538 loading class com/android/dx/ssa/PhiInsn$Operand done
Event: 0.540 loading class com/android/dx/ssa/back/FirstFitLocalCombiningAllocator$Multiset
Event: 0.540 loading class com/android/dx/ssa/back/FirstFitLocalCombiningAllocator$Multiset done
Event: 0.554 loading class java/util/DualPivotQuicksort
Event: 0.554 loading class java/util/DualPivotQuicksort done
Event: 0.555 Thread 0x000000001698e800 Uncommon trap: trap_request=0xffffff65 fr.pc=0x0000000002a06340
Event: 0.555 Thread 0x000000001698e800 DEOPT PACKING pc=0x0000000002a06340 sp=0x000000001712ee70
Event: 0.555 Thread 0x000000001698e800 DEOPT UNPACKING pc=0x000000000285582a sp=0x000000001712ede8 mode 2
Event: 0.562 loading class com/android/dx/cf/code/BytecodeArray$ConstantParserVisitor
Event: 0.562 loading class com/android/dx/cf/code/BytecodeArray$ConstantParserVisitor done


Dynamic libraries:
0x00007ff6c59a0000 - 0x00007ff6c59d7000 	C:\Program Files\Java\jdk1.8.0_77\bin\java.exe
0x00007ffa2e470000 - 0x00007ffa2e631000 	C:\Windows\SYSTEM32\ntdll.dll
0x00007ffa2bc90000 - 0x00007ffa2bd3d000 	C:\Windows\system32\KERNEL32.DLL
0x00007ffa2b7f0000 - 0x00007ffa2b9cd000 	C:\Windows\system32\KERNELBASE.dll
0x00007ffa2bfc0000 - 0x00007ffa2c066000 	C:\Windows\system32\ADVAPI32.dll
0x00007ffa2beb0000 - 0x00007ffa2bf4d000 	C:\Windows\system32\msvcrt.dll
0x00007ffa2df60000 - 0x00007ffa2dfbb000 	C:\Windows\system32\sechost.dll
0x00007ffa2bd80000 - 0x00007ffa2bea6000 	C:\Windows\system32\RPCRT4.dll
0x00007ffa2e030000 - 0x00007ffa2e17e000 	C:\Windows\system32\USER32.dll
0x00007ffa2c740000 - 0x00007ffa2c8c6000 	C:\Windows\system32\GDI32.dll
0x00007ffa1b460000 - 0x00007ffa1b6d4000 	C:\Windows\WinSxS\amd64_microsoft.windows.common-controls_6595b64144ccf1df_6.0.10240.16384_none_f41f7b285750ef43\COMCTL32.dll
0x00007ffa2bd40000 - 0x00007ffa2bd76000 	C:\Windows\system32\IMM32.DLL
0x00007ffa2c8d0000 - 0x00007ffa2ca2c000 	C:\Windows\system32\MSCTF.dll
0x0000000059620000 - 0x00000000596f2000 	C:\Program Files\Java\jdk1.8.0_77\jre\bin\msvcr100.dll
0x0000000059d30000 - 0x000000005a5c0000 	C:\Program Files\Java\jdk1.8.0_77\jre\bin\server\jvm.dll
0x00007ffa2c6d0000 - 0x00007ffa2c6d8000 	C:\Windows\system32\PSAPI.DLL
0x00007ffa26160000 - 0x00007ffa26169000 	C:\Windows\SYSTEM32\WSOCK32.dll
0x00007ffa2dfc0000 - 0x00007ffa2e029000 	C:\Windows\system32\WS2_32.dll
0x00007ffa2bf50000 - 0x00007ffa2bf58000 	C:\Windows\system32\NSI.dll
0x00007ffa288a0000 - 0x00007ffa288c3000 	C:\Windows\SYSTEM32\WINMM.dll
0x00007ffa249f0000 - 0x00007ffa249fa000 	C:\Windows\SYSTEM32\VERSION.dll
0x00007ffa28840000 - 0x00007ffa2886c000 	C:\Windows\SYSTEM32\WINMMBASE.dll
0x00007ffa2b170000 - 0x00007ffa2b1b4000 	C:\Windows\system32\cfgmgr32.dll
0x00007ffa29810000 - 0x00007ffa29837000 	C:\Windows\SYSTEM32\DEVOBJ.dll
0x0000000059d20000 - 0x0000000059d2f000 	C:\Program Files\Java\jdk1.8.0_77\jre\bin\verify.dll
0x0000000059cf0000 - 0x0000000059d19000 	C:\Program Files\Java\jdk1.8.0_77\jre\bin\java.dll
0x0000000059cd0000 - 0x0000000059ce6000 	C:\Program Files\Java\jdk1.8.0_77\jre\bin\zip.dll
0x00007ffa2ca30000 - 0x00007ffa2df52000 	C:\Windows\system32\SHELL32.dll
0x00007ffa2b1c0000 - 0x00007ffa2b7e9000 	C:\Windows\system32\windows.storage.dll
0x00007ffa2c3f0000 - 0x00007ffa2c66c000 	C:\Windows\system32\combase.dll
0x00007ffa2c670000 - 0x00007ffa2c6c1000 	C:\Windows\system32\shlwapi.dll
0x00007ffa2aee0000 - 0x00007ffa2aeef000 	C:\Windows\system32\kernel.appcore.dll
0x00007ffa2b9d0000 - 0x00007ffa2ba83000 	C:\Windows\system32\shcore.dll
0x00007ffa2aef0000 - 0x00007ffa2af3a000 	C:\Windows\system32\powrprof.dll
0x00007ffa2aec0000 - 0x00007ffa2aed3000 	C:\Windows\system32\profapi.dll

VM Arguments:
jvm_args: -Djava.awt.headless=true -Xmx1024M -Dfile.encoding=windows-1251 -Duser.country=RU -Duser.language=ru -Duser.variant 
java_command: com.android.dx.command.Main --dex --num-threads=4 --output C:\work\new_stuff\InstamotorsSkeleton\app\build\intermediates\pre-dexed\debug\realm_e5570a1b6b062bd3ee9dee08c036a3cd0633dd1d.jar C:\work\new_stuff\InstamotorsSkeleton\app\build\intermediates\transforms\RealmTransformer\debug\folders\1\1\realm
java_class_path (initial): C:\sdk\build-tools\23.0.3\lib\dx.jar
Launcher Type: SUN_STANDARD

Environment Variables:
PATH=C:\ProgramData\Oracle\Java\javapath;C:\Windows\system32;C:\Windows;C:\Windows\System32\Wbem;C:\Windows\System32\WindowsPowerShell\v1.0\;C:\Program Files (x86)\Skype\Phone\
USERNAME=Adambl4
OS=Windows_NT
PROCESSOR_IDENTIFIER=Intel64 Family 6 Model 58 Stepping 9, GenuineIntel



---------------  S Y S T E M  ---------------

OS: Windows 10.0 , 64 bit Build 10240 (10.0.10240.16384)

CPU:total 4 (4 cores per cpu, 1 threads per core) family 6 model 58 stepping 9, cmov, cx8, fxsr, mmx, sse, sse2, sse3, ssse3, sse4.1, sse4.2, popcnt, avx, aes, clmul, erms, tsc, tscinvbit, tscinv

Memory: 4k page, physical 8065796k(845860k free), swap 11137796k(2948k free)

vm_info: Java HotSpot(TM) 64-Bit Server VM (25.77-b03) for windows-amd64 JRE (1.8.0_77-b03), built on Mar 20 2016 22:01:33 by "java_re" with MS VC++ 10.0 (VS2010)

time: Mon Apr 25 20:22:29 2016
elapsed time: 0 seconds (0d 0h 0m 0s)

