#
# There is insufficient memory for the Java Runtime Environment to continue.
# Native memory allocation (malloc) failed to allocate 238096 bytes for Chunk::new
# Possible reasons:
#   The system is out of physical RAM or swap space
#   In 32 bit mode, the process size limit was hit
# Possible solutions:
#   Reduce memory load on the system
#   Increase physical memory or swap space
#   Check if swap backing store is full
#   Use 64 bit Java on a 64 bit OS
#   Decrease Java heap size (-Xmx/-Xms)
#   Decrease number of Java threads
#   Decrease Java thread stack sizes (-Xss)
#   Set larger code cache with -XX:ReservedCodeCacheSize=
# This output file may be truncated or incomplete.
#
#  Out of Memory Error (allocation.cpp:390), pid=4480, tid=9196
#
# JRE version: Java(TM) SE Runtime Environment (8.0_77-b03) (build 1.8.0_77-b03)
# Java VM: Java HotSpot(TM) 64-Bit Server VM (25.77-b03 mixed mode windows-amd64 compressed oops)
# Failed to write core dump. Minidumps are not enabled by default on client versions of Windows
#

---------------  T H R E A D  ---------------

Current thread (0x0000000014add800):  JavaThread "C2 CompilerThread0" daemon [_thread_in_native, id=9196, stack(0x0000000016140000,0x0000000016240000)]

Stack: [0x0000000016140000,0x0000000016240000]
[error occurred during error reporting (printing stack bounds), id 0xc0000005]

Native frames: (J=compiled Java code, j=interpreted, Vv=VM code, C=native code)


Current CompileTask:
C2:   1115 1378   !   4       com.android.dx.cf.cst.ConstantPoolParser::parse0 (731 bytes)


---------------  P R O C E S S  ---------------

Java Threads: ( => current thread )
  0x000000001651a000 JavaThread "pool-1-thread-4" [_thread_blocked, id=8912, stack(0x0000000016e40000,0x0000000016f40000)]
  0x0000000016519000 JavaThread "pool-1-thread-3" [_thread_in_Java, id=8972, stack(0x0000000016d40000,0x0000000016e40000)]
  0x0000000016514800 JavaThread "pool-1-thread-2" [_thread_blocked, id=9080, stack(0x0000000016c40000,0x0000000016d40000)]
  0x000000001650e000 JavaThread "pool-2-thread-1" [_thread_blocked, id=9048, stack(0x0000000016b40000,0x0000000016c40000)]
  0x00000000164a8000 JavaThread "pool-1-thread-1" [_thread_blocked, id=9044, stack(0x0000000016a40000,0x0000000016b40000)]
  0x0000000016346000 JavaThread "Service Thread" daemon [_thread_blocked, id=8880, stack(0x0000000016840000,0x0000000016940000)]
  0x0000000016340800 JavaThread "C1 CompilerThread2" daemon [_thread_blocked, id=9172, stack(0x0000000016740000,0x0000000016840000)]
  0x0000000014ae0800 JavaThread "C2 CompilerThread1" daemon [_thread_in_native, id=9200, stack(0x0000000016240000,0x0000000016340000)]
=>0x0000000014add800 JavaThread "C2 CompilerThread0" daemon [_thread_in_native, id=9196, stack(0x0000000016140000,0x0000000016240000)]
  0x0000000014adb800 JavaThread "Attach Listener" daemon [_thread_blocked, id=9116, stack(0x0000000016040000,0x0000000016140000)]
  0x0000000014ada800 JavaThread "Signal Dispatcher" daemon [_thread_blocked, id=1620, stack(0x0000000015f40000,0x0000000016040000)]
  0x0000000014aca800 JavaThread "Finalizer" daemon [_thread_blocked, id=8604, stack(0x0000000015d50000,0x0000000015e50000)]
  0x00000000023ff000 JavaThread "Reference Handler" daemon [_thread_blocked, id=8488, stack(0x0000000015c50000,0x0000000015d50000)]
  0x0000000002310800 JavaThread "main" [_thread_blocked, id=5308, stack(0x00000000020c0000,0x00000000021c0000)]

Other Threads:
  0x0000000014aa8000 VMThread [stack: 0x0000000015b50000,0x0000000015c50000] [id=8344]
  0x0000000016351000 WatcherThread [stack: 0x0000000016940000,0x0000000016a40000] [id=7684]

VM state:not at safepoint (normal execution)

VM Mutex/Monitor currently owned by a thread: None

Heap:
 PSYoungGen      total 36864K, used 12239K [0x00000000eab00000, 0x00000000ef300000, 0x0000000100000000)
  eden space 31744K, 22% used [0x00000000eab00000,0x00000000eb1f9fc0,0x00000000eca00000)
  from space 5120K, 99% used [0x00000000eca00000,0x00000000ecef9c98,0x00000000ecf00000)
  to   space 5120K, 0% used [0x00000000eee00000,0x00000000eee00000,0x00000000ef300000)
 ParOldGen       total 84992K, used 1328K [0x00000000c0000000, 0x00000000c5300000, 0x00000000eab00000)
  object space 84992K, 1% used [0x00000000c0000000,0x00000000c014c118,0x00000000c5300000)
 Metaspace       used 6088K, capacity 6962K, committed 7040K, reserved 1056768K
  class space    used 600K, capacity 618K, committed 640K, reserved 1048576K

Card table byte_map: [0x00000000117d0000,0x00000000119e0000] byte_map_base: 0x00000000111d0000

Marking Bits: (ParMarkBitMap*) 0x000000005a540600
 Begin Bits: [0x0000000011f40000, 0x0000000012f40000)
 End Bits:   [0x0000000012f40000, 0x0000000013f40000)

Polling page: 0x0000000002050000

CodeCache: size=245760Kb used=5744Kb max_used=5744Kb free=240015Kb
 bounds [0x0000000002410000, 0x00000000029c0000, 0x0000000011410000]
 total_blobs=1662 nmethods=1393 adapters=182
 compilation: enabled

Compilation events (10 events):
Event: 1.097 Thread 0x0000000014ae0800 1394       4       com.android.dx.ssa.SCCP::simulatePhi (169 bytes)
Event: 1.099 Thread 0x0000000016340800 nmethod 1391 0x0000000002996d50 code [0x00000000029976c0, 0x000000000299e2d8]
Event: 1.099 Thread 0x0000000016340800 1397   !   3       com.android.dx.cf.direct.StdAttributeFactory::parseLocalVariables (274 bytes)
Event: 1.102 Thread 0x0000000016340800 nmethod 1397 0x00000000029a4f90 code [0x00000000029a5700, 0x00000000029aa7c8]
Event: 1.102 Thread 0x0000000016340800 1396       3       com.android.dx.cf.direct.StdAttributeFactory::localVariableTable (98 bytes)
Event: 1.102 Thread 0x0000000016340800 nmethod 1396 0x0000000002988f10 code [0x00000000029891c0, 0x000000000298a318]
Event: 1.102 Thread 0x0000000016340800 1393       3       com.android.dx.cf.direct.DirectClassFile::getSourceFile (31 bytes)
Event: 1.103 Thread 0x0000000016340800 nmethod 1393 0x0000000002973450 code [0x0000000002973600, 0x0000000002973bb8]
Event: 1.103 Thread 0x0000000016340800 1395  s    3       com.android.dx.dex.file.FieldIdsSection::intern (55 bytes)
Event: 1.103 Thread 0x0000000016340800 nmethod 1395 0x00000000029b0310 code [0x00000000029b0540, 0x00000000029b1248]

GC Heap History (2 events):
Event: 0.809 GC heap before
{Heap before GC invocations=1 (full 0):
 PSYoungGen      total 36864K, used 31744K [0x00000000eab00000, 0x00000000ed400000, 0x0000000100000000)
  eden space 31744K, 100% used [0x00000000eab00000,0x00000000eca00000,0x00000000eca00000)
  from space 5120K, 0% used [0x00000000ecf00000,0x00000000ecf00000,0x00000000ed400000)
  to   space 5120K, 0% used [0x00000000eca00000,0x00000000eca00000,0x00000000ecf00000)
 ParOldGen       total 84992K, used 0K [0x00000000c0000000, 0x00000000c5300000, 0x00000000eab00000)
  object space 84992K, 0% used [0x00000000c0000000,0x00000000c0000000,0x00000000c5300000)
 Metaspace       used 6007K, capacity 6962K, committed 7040K, reserved 1056768K
  class space    used 600K, capacity 618K, committed 640K, reserved 1048576K
Event: 0.828 GC heap after
Heap after GC invocations=1 (full 0):
 PSYoungGen      total 36864K, used 5095K [0x00000000eab00000, 0x00000000ef300000, 0x0000000100000000)
  eden space 31744K, 0% used [0x00000000eab00000,0x00000000eab00000,0x00000000eca00000)
  from space 5120K, 99% used [0x00000000eca00000,0x00000000ecef9c98,0x00000000ecf00000)
  to   space 5120K, 0% used [0x00000000eee00000,0x00000000eee00000,0x00000000ef300000)
 ParOldGen       total 84992K, used 1328K [0x00000000c0000000, 0x00000000c5300000, 0x00000000eab00000)
  object space 84992K, 1% used [0x00000000c0000000,0x00000000c014c118,0x00000000c5300000)
 Metaspace       used 6007K, capacity 6962K, committed 7040K, reserved 1056768K
  class space    used 600K, capacity 618K, committed 640K, reserved 1048576K
}

Deoptimization events (9 events):
Event: 0.577 Thread 0x00000000164a8000 Uncommon trap: reason=class_check action=maybe_recompile pc=0x0000000002685830 method=com.android.dx.ssa.NormalSsaInsn.accept(Lcom/android/dx/ssa/SsaInsn$Visitor;)V @ 9
Event: 0.577 Thread 0x00000000164a8000 Uncommon trap: reason=class_check action=maybe_recompile pc=0x0000000002685830 method=com.android.dx.ssa.NormalSsaInsn.accept(Lcom/android/dx/ssa/SsaInsn$Visitor;)V @ 9
Event: 0.577 Thread 0x00000000164a8000 Uncommon trap: reason=class_check action=maybe_recompile pc=0x0000000002685830 method=com.android.dx.ssa.NormalSsaInsn.accept(Lcom/android/dx/ssa/SsaInsn$Visitor;)V @ 9
Event: 0.578 Thread 0x00000000164a8000 Uncommon trap: reason=class_check action=maybe_recompile pc=0x0000000002685830 method=com.android.dx.ssa.NormalSsaInsn.accept(Lcom/android/dx/ssa/SsaInsn$Visitor;)V @ 9
Event: 0.633 Thread 0x00000000164a8000 Uncommon trap: reason=unstable_if action=reinterpret pc=0x000000000260f000 method=java.util.HashMap.getNode(ILjava/lang/Object;)Ljava/util/HashMap$Node; @ 129
Event: 0.651 Thread 0x00000000164a8000 Uncommon trap: reason=unstable_if action=reinterpret pc=0x00000000026c6b3c method=java.util.HashMap.getNode(ILjava/lang/Object;)Ljava/util/HashMap$Node; @ 129
Event: 0.671 Thread 0x0000000016519000 Uncommon trap: reason=null_check action=make_not_entrant pc=0x000000000270a5dc method=com.android.dx.ssa.SsaRenamer.getLocalForNewReg(I)Lcom/android/dx/rop/code/LocalItem; @ 19
Event: 0.672 Thread 0x0000000016519000 Uncommon trap: reason=null_check action=make_not_entrant pc=0x0000000002716aec method=com.android.dx.ssa.SsaRenamer.getLocalForNewReg(I)Lcom/android/dx/rop/code/LocalItem; @ 19
Event: 0.707 Thread 0x000000001651a000 Uncommon trap: reason=predicate action=maybe_recompile pc=0x000000000280129c method=java.util.ArrayList.remove(Ljava/lang/Object;)Z @ 49

Internal exceptions (4 events):
Event: 0.038 Thread 0x0000000002310800 Exception <a 'java/lang/NoSuchMethodError': Method sun.misc.Unsafe.defineClass(Ljava/lang/String;[BII)Ljava/lang/Class; name or signature does not match> (0x00000000eab07cc0) thrown at [D:\re\workspace\8-2-build-windows-amd64-cygwin\jdk8u77\6540\hotspot\srò\a£?
Event: 0.038 Thread 0x0000000002310800 Exception <a 'java/lang/NoSuchMethodError': Method sun.misc.Unsafe.prefetchRead(Ljava/lang/Object;J)V name or signature does not match> (0x00000000eab07fa8) thrown at [D:\re\workspace\8-2-build-windows-amd64-cygwin\jdk8u77\6540\hotspot\src\share\vm\prims\jÕA°Ñzå?
Event: 0.671 Thread 0x0000000016519000 Implicit null exception at 0x0000000002709008 to 0x000000000270a591
Event: 0.672 Thread 0x0000000016519000 Implicit null exception at 0x0000000002715568 to 0x0000000002716ac9

Events (10 events):
Event: 0.672 Thread 0x0000000016519000 DEOPT UNPACKING pc=0x000000000245582a sp=0x0000000016e3e968 mode 2
Event: 0.697 loading class java/util/DualPivotQuicksort
Event: 0.697 loading class java/util/DualPivotQuicksort done
Event: 0.707 Thread 0x000000001651a000 Uncommon trap: trap_request=0xffffff86 fr.pc=0x000000000280129c
Event: 0.707 Thread 0x000000001651a000 DEOPT PACKING pc=0x000000000280129c sp=0x0000000016f3ec50
Event: 0.707 Thread 0x000000001651a000 DEOPT UNPACKING pc=0x000000000245582a sp=0x0000000016f3ec28 mode 2
Event: 0.708 Executing VM operation: ForceSafepoint
Event: 0.710 Executing VM operation: ForceSafepoint done
Event: 0.809 Executing VM operation: ParallelGCFailedAllocation
Event: 0.828 Executing VM operation: ParallelGCFailedAllocation done


Dynamic libraries:
0x00007ff6c59a0000 - 0x00007ff6c59d7000 	C:\Program Files\Java\jdk1.8.0_77\bin\java.exe
0x00007ffa2e470000 - 0x00007ffa2e631000 	C:\Windows\SYSTEM32\ntdll.dll
0x00007ffa2bc90000 - 0x00007ffa2bd3d000 	C:\Windows\system32\KERNEL32.DLL
0x00007ffa2b7f0000 - 0x00007ffa2b9cd000 	C:\Windows\system32\KERNELBASE.dll
0x00007ffa2bfc0000 - 0x00007ffa2c066000 	C:\Windows\system32\ADVAPI32.dll
0x00007ffa2beb0000 - 0x00007ffa2bf4d000 	C:\Windows\system32\msvcrt.dll
0x00007ffa2df60000 - 0x00007ffa2dfbb000 	C:\Windows\system32\sechost.dll
0x00007ffa2bd80000 - 0x00007ffa2bea6000 	C:\Windows\system32\RPCRT4.dll
0x00007ffa2e030000 - 0x00007ffa2e17e000 	C:\Windows\system32\USER32.dll
0x00007ffa2c740000 - 0x00007ffa2c8c6000 	C:\Windows\system32\GDI32.dll
0x00007ffa1b460000 - 0x00007ffa1b6d4000 	C:\Windows\WinSxS\amd64_microsoft.windows.common-controls_6595b64144ccf1df_6.0.10240.16384_none_f41f7b285750ef43\COMCTL32.dll
0x00007ffa2bd40000 - 0x00007ffa2bd76000 	C:\Windows\system32\IMM32.DLL
0x00007ffa2c8d0000 - 0x00007ffa2ca2c000 	C:\Windows\system32\MSCTF.dll
0x0000000059620000 - 0x00000000596f2000 	C:\Program Files\Java\jdk1.8.0_77\jre\bin\msvcr100.dll
0x0000000059d30000 - 0x000000005a5c0000 	C:\Program Files\Java\jdk1.8.0_77\jre\bin\server\jvm.dll
0x00007ffa2c6d0000 - 0x00007ffa2c6d8000 	C:\Windows\system32\PSAPI.DLL
0x00007ffa26160000 - 0x00007ffa26169000 	C:\Windows\SYSTEM32\WSOCK32.dll
0x00007ffa2dfc0000 - 0x00007ffa2e029000 	C:\Windows\system32\WS2_32.dll
0x00007ffa2bf50000 - 0x00007ffa2bf58000 	C:\Windows\system32\NSI.dll
0x00007ffa288a0000 - 0x00007ffa288c3000 	C:\Windows\SYSTEM32\WINMM.dll
0x00007ffa249f0000 - 0x00007ffa249fa000 	C:\Windows\SYSTEM32\VERSION.dll
0x00007ffa28840000 - 0x00007ffa2886c000 	C:\Windows\SYSTEM32\WINMMBASE.dll
0x00007ffa2b170000 - 0x00007ffa2b1b4000 	C:\Windows\system32\cfgmgr32.dll
0x00007ffa29810000 - 0x00007ffa29837000 	C:\Windows\SYSTEM32\DEVOBJ.dll
0x0000000059d20000 - 0x0000000059d2f000 	C:\Program Files\Java\jdk1.8.0_77\jre\bin\verify.dll
0x0000000059cf0000 - 0x0000000059d19000 	C:\Program Files\Java\jdk1.8.0_77\jre\bin\java.dll
0x0000000059cd0000 - 0x0000000059ce6000 	C:\Program Files\Java\jdk1.8.0_77\jre\bin\zip.dll
0x00007ffa2ca30000 - 0x00007ffa2df52000 	C:\Windows\system32\SHELL32.dll
0x00007ffa2b1c0000 - 0x00007ffa2b7e9000 	C:\Windows\system32\windows.storage.dll
0x00007ffa2c3f0000 - 0x00007ffa2c66c000 	C:\Windows\system32\combase.dll
0x00007ffa2c670000 - 0x00007ffa2c6c1000 	C:\Windows\system32\shlwapi.dll
0x00007ffa2aee0000 - 0x00007ffa2aeef000 	C:\Windows\system32\kernel.appcore.dll
0x00007ffa2b9d0000 - 0x00007ffa2ba83000 	C:\Windows\system32\shcore.dll
0x00007ffa2aef0000 - 0x00007ffa2af3a000 	C:\Windows\system32\powrprof.dll
0x00007ffa2aec0000 - 0x00007ffa2aed3000 	C:\Windows\system32\profapi.dll

VM Arguments:
jvm_args: -Djava.awt.headless=true -Xmx1024M -Dfile.encoding=windows-1251 -Duser.country=RU -Duser.language=ru -Duser.variant 
java_command: com.android.dx.command.Main --dex --num-threads=4 --output C:\work\new_stuff\InstamotorsSkeleton\app\build\intermediates\pre-dexed\debug\RxCache-1.2.6_bcc0f6572b4b3928b1497b7d2167b08dfceb0420.jar C:\Users\Àäìèíèñòðàòîð\.gradle\caches\modules-2\files-2.1\com.github.VictorAlbertos\RxCache\1.2.6\730eb6f1737ba1dd66e960d07de571f6147f3470\RxCache-1.2.6.jar
java_class_path (initial): C:\sdk\build-tools\23.0.3\lib\dx.jar
Launcher Type: SUN_STANDARD

Environment Variables:
PATH=C:\ProgramData\Oracle\Java\javapath;C:\Windows\system32;C:\Windows;C:\Windows\System32\Wbem;C:\Windows\System32\WindowsPowerShell\v1.0\;C:\Program Files (x86)\Skype\Phone\
USERNAME=Adambl4
OS=Windows_NT
PROCESSOR_IDENTIFIER=Intel64 Family 6 Model 58 Stepping 9, GenuineIntel



---------------  S Y S T E M  ---------------

OS: Windows 10.0 , 64 bit Build 10240 (10.0.10240.16384)

CPU:total 4 (4 cores per cpu, 1 threads per core) family 6 model 58 stepping 9, cmov, cx8, fxsr, mmx, sse, sse2, sse3, ssse3, sse4.1, sse4.2, popcnt, avx, aes, clmul, erms, tsc, tscinvbit, tscinv

Memory: 4k page, physical 8065796k(783368k free), swap 11137796k(4144k free)

vm_info: Java HotSpot(TM) 64-Bit Server VM (25.77-b03) for windows-amd64 JRE (1.8.0_77-b03), built on Mar 20 2016 22:01:33 by "java_re" with MS VC++ 10.0 (VS2010)

time: Mon Apr 25 20:22:21 2016
elapsed time: 1 seconds (0d 0h 0m 1s)

