#
# There is insufficient memory for the Java Runtime Environment to continue.
# Native memory allocation (malloc) failed to allocate 309136 bytes for Chunk::new
# Possible reasons:
#   The system is out of physical RAM or swap space
#   In 32 bit mode, the process size limit was hit
# Possible solutions:
#   Reduce memory load on the system
#   Increase physical memory or swap space
#   Check if swap backing store is full
#   Use 64 bit Java on a 64 bit OS
#   Decrease Java heap size (-Xmx/-Xms)
#   Decrease number of Java threads
#   Decrease Java thread stack sizes (-Xss)
#   Set larger code cache with -XX:ReservedCodeCacheSize=
# This output file may be truncated or incomplete.
#
#  Out of Memory Error (allocation.cpp:390), pid=7276, tid=6968
#
# JRE version: Java(TM) SE Runtime Environment (8.0_77-b03) (build 1.8.0_77-b03)
# Java VM: Java HotSpot(TM) 64-Bit Server VM (25.77-b03 mixed mode windows-amd64 compressed oops)
# Failed to write core dump. Minidumps are not enabled by default on client versions of Windows
#

---------------  T H R E A D  ---------------

Current thread (0x000000001543d800):  JavaThread "C2 CompilerThread0" daemon [_thread_in_native, id=6968, stack(0x0000000016a80000,0x0000000016b80000)]

Stack: [0x0000000016a80000,0x0000000016b80000]
[error occurred during error reporting (printing stack bounds), id 0xc0000005]

Native frames: (J=compiled Java code, j=interpreted, Vv=VM code, C=native code)


Current CompileTask:
C2:   2604 2160       4       com.android.dx.dex.file.ValueEncoder::addContents (75 bytes)


---------------  P R O C E S S  ---------------

Java Threads: ( => current thread )
  0x0000000016ee0800 JavaThread "pool-1-thread-2" [_thread_in_Java, id=4356, stack(0x0000000017580000,0x0000000017680000)]
  0x0000000016ef0000 JavaThread "pool-2-thread-1" [_thread_blocked, id=7380, stack(0x0000000017480000,0x0000000017580000)]
  0x0000000016c82800 JavaThread "Service Thread" daemon [_thread_blocked, id=7472, stack(0x0000000017180000,0x0000000017280000)]
  0x0000000016c80800 JavaThread "C1 CompilerThread2" daemon [_thread_blocked, id=7676, stack(0x0000000017080000,0x0000000017180000)]
  0x0000000015440800 JavaThread "C2 CompilerThread1" daemon [_thread_in_native, id=6840, stack(0x0000000016b80000,0x0000000016c80000)]
=>0x000000001543d800 JavaThread "C2 CompilerThread0" daemon [_thread_in_native, id=6968, stack(0x0000000016a80000,0x0000000016b80000)]
  0x000000001543b800 JavaThread "Attach Listener" daemon [_thread_blocked, id=6312, stack(0x0000000016980000,0x0000000016a80000)]
  0x000000001543a800 JavaThread "Signal Dispatcher" daemon [_thread_blocked, id=7456, stack(0x0000000016880000,0x0000000016980000)]
  0x000000001542a800 JavaThread "Finalizer" daemon [_thread_blocked, id=3208, stack(0x0000000016690000,0x0000000016790000)]
  0x0000000002d5f000 JavaThread "Reference Handler" daemon [_thread_blocked, id=7752, stack(0x0000000016590000,0x0000000016690000)]
  0x0000000002c70800 JavaThread "main" [_thread_blocked, id=1072, stack(0x0000000002b70000,0x0000000002c70000)]

Other Threads:
  0x0000000015408000 VMThread [stack: 0x0000000016490000,0x0000000016590000] [id=3704]
  0x0000000016c8a000 WatcherThread [stack: 0x0000000017280000,0x0000000017380000] [id=7108]

VM state:not at safepoint (normal execution)

VM Mutex/Monitor currently owned by a thread: None

Heap:
 PSYoungGen      total 68608K, used 66232K [0x00000000eab00000, 0x00000000ef300000, 0x0000000100000000)
  eden space 63488K, 96% used [0x00000000eab00000,0x00000000ee6b1b40,0x00000000ee900000)
  from space 5120K, 99% used [0x00000000eee00000,0x00000000ef2fc8a0,0x00000000ef300000)
  to   space 5120K, 0% used [0x00000000ee900000,0x00000000ee900000,0x00000000eee00000)
 ParOldGen       total 84992K, used 56543K [0x00000000c0000000, 0x00000000c5300000, 0x00000000eab00000)
  object space 84992K, 66% used [0x00000000c0000000,0x00000000c3737e40,0x00000000c5300000)
 Metaspace       used 6415K, capacity 7156K, committed 7296K, reserved 1056768K
  class space    used 604K, capacity 620K, committed 640K, reserved 1048576K

Card table byte_map: [0x0000000012130000,0x0000000012340000] byte_map_base: 0x0000000011b30000

Marking Bits: (ParMarkBitMap*) 0x0000000055ca0600
 Begin Bits: [0x00000000128a0000, 0x00000000138a0000)
 End Bits:   [0x00000000138a0000, 0x00000000148a0000)

Polling page: 0x0000000002ad0000

CodeCache: size=245760Kb used=10076Kb max_used=10093Kb free=235683Kb
 bounds [0x0000000002d70000, 0x0000000003760000, 0x0000000011d70000]
 total_blobs=2386 nmethods=2116 adapters=182
 compilation: enabled

Compilation events (10 events):
Event: 2.568 Thread 0x0000000016c80800 2162       2       com.android.dx.rop.code.RegisterSpecList::make (23 bytes)
Event: 2.569 Thread 0x0000000016c80800 nmethod 2162 0x0000000003715010 code [0x00000000037151e0, 0x0000000003715848]
Event: 2.572 Thread 0x000000001543d800 nmethod 2128% 0x0000000003750890 code [0x0000000003750b00, 0x0000000003752b30]
Event: 2.572 Thread 0x000000001543d800 2160       4       com.android.dx.dex.file.ValueEncoder::addContents (75 bytes)
Event: 2.586 Thread 0x0000000016c80800 2164       3       com.android.dx.cf.code.Merger::mergeLocals (122 bytes)
Event: 2.586 Thread 0x0000000016c80800 nmethod 2164 0x0000000003747410 code [0x00000000037476a0, 0x00000000037487c8]
Event: 2.587 Thread 0x0000000015440800 nmethod 2147 0x0000000003755490 code [0x0000000003755700, 0x0000000003757568]
Event: 2.587 Thread 0x0000000015440800 2161       4       com.android.dx.ssa.back.IdenticalBlockCombiner::combineBlocks (102 bytes)
Event: 2.589 Thread 0x0000000015440800 nmethod 2161 0x00000000037133d0 code [0x0000000003713560, 0x0000000003713790]
Event: 2.589 Thread 0x0000000015440800 2163 %     4       com.android.dx.ssa.SsaConverter::placePhiFunctions @ 53 (394 bytes)

GC Heap History (10 events):
Event: 1.716 GC heap before
{Heap before GC invocations=4 (full 0):
 PSYoungGen      total 36864K, used 36862K [0x00000000eab00000, 0x00000000ef300000, 0x0000000100000000)
  eden space 31744K, 100% used [0x00000000eab00000,0x00000000eca00000,0x00000000eca00000)
  from space 5120K, 99% used [0x00000000eca00000,0x00000000eceff810,0x00000000ecf00000)
  to   space 5120K, 0% used [0x00000000eee00000,0x00000000eee00000,0x00000000ef300000)
 ParOldGen       total 84992K, used 11558K [0x00000000c0000000, 0x00000000c5300000, 0x00000000eab00000)
  object space 84992K, 13% used [0x00000000c0000000,0x00000000c0b49a68,0x00000000c5300000)
 Metaspace       used 6375K, capacity 7154K, committed 7296K, reserved 1056768K
  class space    used 602K, capacity 618K, committed 640K, reserved 1048576K
Event: 1.752 GC heap after
Heap after GC invocations=4 (full 0):
 PSYoungGen      total 68608K, used 5118K [0x00000000eab00000, 0x00000000ef300000, 0x0000000100000000)
  eden space 63488K, 0% used [0x00000000eab00000,0x00000000eab00000,0x00000000ee900000)
  from space 5120K, 99% used [0x00000000eee00000,0x00000000ef2ff838,0x00000000ef300000)
  to   space 5120K, 0% used [0x00000000ee900000,0x00000000ee900000,0x00000000eee00000)
 ParOldGen       total 84992K, used 16826K [0x00000000c0000000, 0x00000000c5300000, 0x00000000eab00000)
  object space 84992K, 19% used [0x00000000c0000000,0x00000000c106eb00,0x00000000c5300000)
 Metaspace       used 6375K, capacity 7154K, committed 7296K, reserved 1056768K
  class space    used 602K, capacity 618K, committed 640K, reserved 1048576K
}
Event: 2.026 GC heap before
{Heap before GC invocations=5 (full 0):
 PSYoungGen      total 68608K, used 68606K [0x00000000eab00000, 0x00000000ef300000, 0x0000000100000000)
  eden space 63488K, 100% used [0x00000000eab00000,0x00000000ee900000,0x00000000ee900000)
  from space 5120K, 99% used [0x00000000eee00000,0x00000000ef2ff838,0x00000000ef300000)
  to   space 5120K, 0% used [0x00000000ee900000,0x00000000ee900000,0x00000000eee00000)
 ParOldGen       total 84992K, used 16826K [0x00000000c0000000, 0x00000000c5300000, 0x00000000eab00000)
  object space 84992K, 19% used [0x00000000c0000000,0x00000000c106eb00,0x00000000c5300000)
 Metaspace       used 6394K, capacity 7154K, committed 7296K, reserved 1056768K
  class space    used 602K, capacity 618K, committed 640K, reserved 1048576K
Event: 2.041 GC heap after
Heap after GC invocations=5 (full 0):
 PSYoungGen      total 68608K, used 5104K [0x00000000eab00000, 0x00000000ef300000, 0x0000000100000000)
  eden space 63488K, 0% used [0x00000000eab00000,0x00000000eab00000,0x00000000ee900000)
  from space 5120K, 99% used [0x00000000ee900000,0x00000000eedfc0c8,0x00000000eee00000)
  to   space 5120K, 0% used [0x00000000eee00000,0x00000000eee00000,0x00000000ef300000)
 ParOldGen       total 84992K, used 30415K [0x00000000c0000000, 0x00000000c5300000, 0x00000000eab00000)
  object space 84992K, 35% used [0x00000000c0000000,0x00000000c1db3d20,0x00000000c5300000)
 Metaspace       used 6394K, capacity 7154K, committed 7296K, reserved 1056768K
  class space    used 602K, capacity 618K, committed 640K, reserved 1048576K
}
Event: 2.179 GC heap before
{Heap before GC invocations=6 (full 0):
 PSYoungGen      total 68608K, used 68592K [0x00000000eab00000, 0x00000000ef300000, 0x0000000100000000)
  eden space 63488K, 100% used [0x00000000eab00000,0x00000000ee900000,0x00000000ee900000)
  from space 5120K, 99% used [0x00000000ee900000,0x00000000eedfc0c8,0x00000000eee00000)
  to   space 5120K, 0% used [0x00000000eee00000,0x00000000eee00000,0x00000000ef300000)
 ParOldGen       total 84992K, used 30415K [0x00000000c0000000, 0x00000000c5300000, 0x00000000eab00000)
  object space 84992K, 35% used [0x00000000c0000000,0x00000000c1db3d20,0x00000000c5300000)
 Metaspace       used 6404K, capacity 7154K, committed 7296K, reserved 1056768K
  class space    used 602K, capacity 618K, committed 640K, reserved 1048576K
Event: 2.197 GC heap after
Heap after GC invocations=6 (full 0):
 PSYoungGen      total 68608K, used 5102K [0x00000000eab00000, 0x00000000ef300000, 0x0000000100000000)
  eden space 63488K, 0% used [0x00000000eab00000,0x00000000eab00000,0x00000000ee900000)
  from space 5120K, 99% used [0x00000000eee00000,0x00000000ef2fb828,0x00000000ef300000)
  to   space 5120K, 0% used [0x00000000ee900000,0x00000000ee900000,0x00000000eee00000)
 ParOldGen       total 84992K, used 40805K [0x00000000c0000000, 0x00000000c5300000, 0x00000000eab00000)
  object space 84992K, 48% used [0x00000000c0000000,0x00000000c27d9550,0x00000000c5300000)
 Metaspace       used 6404K, capacity 7154K, committed 7296K, reserved 1056768K
  class space    used 602K, capacity 618K, committed 640K, reserved 1048576K
}
Event: 2.317 GC heap before
{Heap before GC invocations=7 (full 0):
 PSYoungGen      total 68608K, used 68590K [0x00000000eab00000, 0x00000000ef300000, 0x0000000100000000)
  eden space 63488K, 100% used [0x00000000eab00000,0x00000000ee900000,0x00000000ee900000)
  from space 5120K, 99% used [0x00000000eee00000,0x00000000ef2fb828,0x00000000ef300000)
  to   space 5120K, 0% used [0x00000000ee900000,0x00000000ee900000,0x00000000eee00000)
 ParOldGen       total 84992K, used 40805K [0x00000000c0000000, 0x00000000c5300000, 0x00000000eab00000)
  object space 84992K, 48% used [0x00000000c0000000,0x00000000c27d9550,0x00000000c5300000)
 Metaspace       used 6408K, capacity 7154K, committed 7296K, reserved 1056768K
  class space    used 602K, capacity 618K, committed 640K, reserved 1048576K
Event: 2.331 GC heap after
Heap after GC invocations=7 (full 0):
 PSYoungGen      total 68608K, used 5090K [0x00000000eab00000, 0x00000000ef300000, 0x0000000100000000)
  eden space 63488K, 0% used [0x00000000eab00000,0x00000000eab00000,0x00000000ee900000)
  from space 5120K, 99% used [0x00000000ee900000,0x00000000eedf88b8,0x00000000eee00000)
  to   space 5120K, 0% used [0x00000000eee00000,0x00000000eee00000,0x00000000ef300000)
 ParOldGen       total 84992K, used 48763K [0x00000000c0000000, 0x00000000c5300000, 0x00000000eab00000)
  object space 84992K, 57% used [0x00000000c0000000,0x00000000c2f9ece8,0x00000000c5300000)
 Metaspace       used 6408K, capacity 7154K, committed 7296K, reserved 1056768K
  class space    used 602K, capacity 618K, committed 640K, reserved 1048576K
}
Event: 2.436 GC heap before
{Heap before GC invocations=8 (full 0):
 PSYoungGen      total 68608K, used 68578K [0x00000000eab00000, 0x00000000ef300000, 0x0000000100000000)
  eden space 63488K, 100% used [0x00000000eab00000,0x00000000ee900000,0x00000000ee900000)
  from space 5120K, 99% used [0x00000000ee900000,0x00000000eedf88b8,0x00000000eee00000)
  to   space 5120K, 0% used [0x00000000eee00000,0x00000000eee00000,0x00000000ef300000)
 ParOldGen       total 84992K, used 48763K [0x00000000c0000000, 0x00000000c5300000, 0x00000000eab00000)
  object space 84992K, 57% used [0x00000000c0000000,0x00000000c2f9ece8,0x00000000c5300000)
 Metaspace       used 6408K, capacity 7154K, committed 7296K, reserved 1056768K
  class space    used 602K, capacity 618K, committed 640K, reserved 1048576K
Event: 2.452 GC heap after
Heap after GC invocations=8 (full 0):
 PSYoungGen      total 68608K, used 5106K [0x00000000eab00000, 0x00000000ef300000, 0x0000000100000000)
  eden space 63488K, 0% used [0x00000000eab00000,0x00000000eab00000,0x00000000ee900000)
  from space 5120K, 99% used [0x00000000eee00000,0x00000000ef2fc8a0,0x00000000ef300000)
  to   space 5120K, 0% used [0x00000000ee900000,0x00000000ee900000,0x00000000eee00000)
 ParOldGen       total 84992K, used 56543K [0x00000000c0000000, 0x00000000c5300000, 0x00000000eab00000)
  object space 84992K, 66% used [0x00000000c0000000,0x00000000c3737e40,0x00000000c5300000)
 Metaspace       used 6408K, capacity 7154K, committed 7296K, reserved 1056768K
  class space    used 602K, capacity 618K, committed 640K, reserved 1048576K
}

Deoptimization events (10 events):
Event: 1.485 Thread 0x0000000016ee4000 Uncommon trap: reason=unstable_if action=reinterpret pc=0x00000000032e02fc method=java.util.BitSet.clone()Ljava/lang/Object; @ 4
Event: 1.492 Thread 0x0000000016ee4000 Uncommon trap: reason=unstable_if action=reinterpret pc=0x0000000003429720 method=com.android.dx.ssa.SsaMethod.getUseListCopy()[Ljava/util/ArrayList; @ 4
Event: 1.551 Thread 0x0000000002c70800 Uncommon trap: reason=class_check action=maybe_recompile pc=0x00000000035c5ac8 method=com.android.dx.ssa.SsaBasicBlock.forEachPhiInsn(Lcom/android/dx/ssa/PhiInsn$Visitor;)V @ 42
Event: 1.551 Thread 0x0000000002c70800 Uncommon trap: reason=class_check action=maybe_recompile pc=0x00000000035c5ac8 method=com.android.dx.ssa.SsaBasicBlock.forEachPhiInsn(Lcom/android/dx/ssa/PhiInsn$Visitor;)V @ 42
Event: 1.783 Thread 0x0000000002c70800 Uncommon trap: reason=unstable_if action=reinterpret pc=0x00000000033328f8 method=java.util.BitSet.nextClearBit(I)I @ 45
Event: 1.965 Thread 0x0000000016eef800 Uncommon trap: reason=unstable_if action=reinterpret pc=0x00000000034f5cac method=com.android.dx.rop.code.AccessFlags.isPrivate(I)Z @ 3
Event: 1.988 Thread 0x0000000016eef800 Uncommon trap: reason=null_check action=make_not_entrant pc=0x000000000365d4e0 method=com.android.dx.rop.type.Type.equals(Ljava/lang/Object;)Z @ 8
Event: 1.989 Thread 0x0000000016eef800 Uncommon trap: reason=unstable_if action=reinterpret pc=0x000000000364c900 method=com.android.dx.ssa.SCCP.simulateBranch(Lcom/android/dx/ssa/SsaInsn;)V @ 64
Event: 1.994 Thread 0x0000000016eef800 Uncommon trap: reason=unstable_if action=reinterpret pc=0x00000000031976e4 method=com.android.dx.rop.code.RegisterSpecSet.put(Lcom/android/dx/rop/code/RegisterSpec;)V @ 77
Event: 2.474 Thread 0x0000000016ee1000 Uncommon trap: reason=unstable_if action=reinterpret pc=0x0000000003725a28 method=com.android.dx.cf.code.RopperMachine.run(Lcom/android/dx/cf/code/Frame;II)V @ 1250

Internal exceptions (3 events):
Event: 0.231 Thread 0x0000000002c70800 Exception <a 'java/lang/NoSuchMethodError': Method sun.misc.Unsafe.defineClass(Ljava/lang/String;[BII)Ljava/lang/Class; name or signature does not match> (0x00000000eab07cc0) thrown at [D:\re\workspace\8-2-build-windows-amd64-cygwin\jdk8u77\6540\hotspot\sr≈ØùµÁ†Õ?
Event: 0.231 Thread 0x0000000002c70800 Exception <a 'java/lang/NoSuchMethodError': Method sun.misc.Unsafe.prefetchRead(Ljava/lang/Object;J)V name or signature does not match> (0x00000000eab07fa8) thrown at [D:\re\workspace\8-2-build-windows-amd64-cygwin\jdk8u77\6540\hotspot\src\share\vm\prims\jK[≤aS–ˇ?
Event: 1.988 Thread 0x0000000016eef800 Implicit null exception at 0x000000000365d3e2 to 0x000000000365d4d2

Events (10 events):
Event: 2.474 Thread 0x0000000016ee1000 DEOPT UNPACKING pc=0x0000000002db582a sp=0x000000001787dfa8 mode 2
Event: 2.495 loading class java/util/HashMap$KeySet
Event: 2.495 loading class java/util/HashMap$KeySet done
Event: 2.495 loading class java/util/HashMap$KeyIterator
Event: 2.495 loading class java/util/HashMap$KeyIterator done
Event: 2.496 Thread 0x0000000016ee4000 Thread exited: 0x0000000016ee4000
Event: 2.496 Thread 0x0000000016ee1000 Thread exited: 0x0000000016ee1000
Event: 2.497 Thread 0x0000000016eef800 Thread exited: 0x0000000016eef800
Event: 2.600 Thread 0x0000000016ee0800 DEOPT PACKING pc=0x000000000318765e sp=0x000000001767e5a0
Event: 2.600 Thread 0x0000000016ee0800 DEOPT UNPACKING pc=0x0000000002db787f sp=0x000000001767e380 mode 0


Dynamic libraries:
0x00007ff7911b0000 - 0x00007ff7911e7000 	C:\Program Files\Java\jdk1.8.0_77\bin\java.exe
0x00007ffc3ce80000 - 0x00007ffc3d041000 	C:\Windows\SYSTEM32\ntdll.dll
0x00007ffc3aaa0000 - 0x00007ffc3ab4d000 	C:\Windows\system32\KERNEL32.DLL
0x00007ffc3a2b0000 - 0x00007ffc3a48d000 	C:\Windows\system32\KERNELBASE.dll
0x00007ffc3a990000 - 0x00007ffc3aa36000 	C:\Windows\system32\ADVAPI32.dll
0x00007ffc3ca30000 - 0x00007ffc3cacd000 	C:\Windows\system32\msvcrt.dll
0x00007ffc3aa40000 - 0x00007ffc3aa9b000 	C:\Windows\system32\sechost.dll
0x00007ffc3c480000 - 0x00007ffc3c5a6000 	C:\Windows\system32\RPCRT4.dll
0x00007ffc3a550000 - 0x00007ffc3a69e000 	C:\Windows\system32\USER32.dll
0x00007ffc3c2f0000 - 0x00007ffc3c476000 	C:\Windows\system32\GDI32.dll
0x00007ffc33cc0000 - 0x00007ffc33f34000 	C:\Windows\WinSxS\amd64_microsoft.windows.common-controls_6595b64144ccf1df_6.0.10240.16384_none_f41f7b285750ef43\COMCTL32.dll
0x00007ffc3ccc0000 - 0x00007ffc3ccf6000 	C:\Windows\system32\IMM32.DLL
0x00007ffc3c8d0000 - 0x00007ffc3ca2c000 	C:\Windows\system32\MSCTF.dll
0x0000000054d80000 - 0x0000000054e52000 	C:\Program Files\Java\jdk1.8.0_77\jre\bin\msvcr100.dll
0x0000000055490000 - 0x0000000055d20000 	C:\Program Files\Java\jdk1.8.0_77\jre\bin\server\jvm.dll
0x00007ffc3ce50000 - 0x00007ffc3ce58000 	C:\Windows\system32\PSAPI.DLL
0x00007ffc342c0000 - 0x00007ffc342c9000 	C:\Windows\SYSTEM32\WSOCK32.dll
0x00007ffc3cc50000 - 0x00007ffc3ccb9000 	C:\Windows\system32\WS2_32.dll
0x00007ffc3cb80000 - 0x00007ffc3cb88000 	C:\Windows\system32\NSI.dll
0x00007ffc37a30000 - 0x00007ffc37a53000 	C:\Windows\SYSTEM32\WINMM.dll
0x00007ffc31710000 - 0x00007ffc3171a000 	C:\Windows\SYSTEM32\VERSION.dll
0x00007ffc37880000 - 0x00007ffc378ac000 	C:\Windows\SYSTEM32\WINMMBASE.dll
0x00007ffc3a150000 - 0x00007ffc3a194000 	C:\Windows\system32\cfgmgr32.dll
0x00007ffc38220000 - 0x00007ffc38247000 	C:\Windows\SYSTEM32\DEVOBJ.dll
0x0000000055480000 - 0x000000005548f000 	C:\Program Files\Java\jdk1.8.0_77\jre\bin\verify.dll
0x0000000055450000 - 0x0000000055479000 	C:\Program Files\Java\jdk1.8.0_77\jre\bin\java.dll
0x0000000055430000 - 0x0000000055446000 	C:\Program Files\Java\jdk1.8.0_77\jre\bin\zip.dll
0x00007ffc3ad60000 - 0x00007ffc3c282000 	C:\Windows\system32\SHELL32.dll
0x00007ffc39b20000 - 0x00007ffc3a149000 	C:\Windows\system32\windows.storage.dll
0x00007ffc3a6b0000 - 0x00007ffc3a92c000 	C:\Windows\system32\combase.dll
0x00007ffc3c290000 - 0x00007ffc3c2e1000 	C:\Windows\system32\shlwapi.dll
0x00007ffc398d0000 - 0x00007ffc398df000 	C:\Windows\system32\kernel.appcore.dll
0x00007ffc3a490000 - 0x00007ffc3a543000 	C:\Windows\system32\shcore.dll
0x00007ffc39900000 - 0x00007ffc3994a000 	C:\Windows\system32\powrprof.dll
0x00007ffc398b0000 - 0x00007ffc398c3000 	C:\Windows\system32\profapi.dll

VM Arguments:
jvm_args: -Djava.awt.headless=true -Xmx1024M -Dfile.encoding=windows-1251 -Duser.country=RU -Duser.language=ru -Duser.variant 
java_command: com.android.dx.command.Main --dex --num-threads=4 --output C:\work\new_stuff\InstamotorsSkeleton\app\build\intermediates\pre-dexed\debug\funktionale-0.8_40b1f5d66afe3dc80756790222bc594638bfbf6f.jar C:\Users\¿‰ÏËÌËÒÚ‡ÚÓ\.gradle\caches\modules-2\files-2.1\org.funktionale\funktionale\0.8\2e84ff1cdebf57575c78d4ae8e3980b4487e81e6\funktionale-0.8.jar
java_class_path (initial): C:\sdk\build-tools\23.0.3\lib\dx.jar
Launcher Type: SUN_STANDARD

Environment Variables:
PATH=C:\ProgramData\Oracle\Java\javapath;C:\Windows\system32;C:\Windows;C:\Windows\System32\Wbem;C:\Windows\System32\WindowsPowerShell\v1.0\;C:\Program Files (x86)\Skype\Phone\
USERNAME=Adambl4
OS=Windows_NT
PROCESSOR_IDENTIFIER=Intel64 Family 6 Model 58 Stepping 9, GenuineIntel



---------------  S Y S T E M  ---------------

OS: Windows 10.0 , 64 bit Build 10240 (10.0.10240.16384)

CPU:total 4 (4 cores per cpu, 1 threads per core) family 6 model 58 stepping 9, cmov, cx8, fxsr, mmx, sse, sse2, sse3, ssse3, sse4.1, sse4.2, popcnt, avx, aes, clmul, erms, tsc, tscinvbit, tscinv

Memory: 4k page, physical 8065796k(606604k free), swap 11137796k(60284k free)

vm_info: Java HotSpot(TM) 64-Bit Server VM (25.77-b03) for windows-amd64 JRE (1.8.0_77-b03), built on Mar 20 2016 22:01:33 by "java_re" with MS VC++ 10.0 (VS2010)

time: Wed Apr 27 02:25:23 2016
elapsed time: 2 seconds (0d 0h 0m 2s)

